[debug] [2024-03-07T11:29:47.129Z] ----------------------------------------------------------------------
[debug] [2024-03-07T11:29:47.151Z] Command:       C:\Program Files\nodejs\node.exe C:\Users\user\AppData\Roaming\npm\node_modules\firebase-tools\lib\bin\firebase.js init
[debug] [2024-03-07T11:29:47.153Z] CLI Version:   13.4.0
[debug] [2024-03-07T11:29:47.154Z] Platform:      win32
[debug] [2024-03-07T11:29:47.155Z] Node Version:  v20.11.0
[debug] [2024-03-07T11:29:47.156Z] Time:          Thu Mar 07 2024 20:29:47 GMT+0900 (日本標準時)
[debug] [2024-03-07T11:29:47.157Z] ----------------------------------------------------------------------
[debug] 
[debug] [2024-03-07T11:29:47.180Z] > command requires scopes: ["email","openid","https://www.googleapis.com/auth/cloudplatformprojects.readonly","https://www.googleapis.com/auth/firebase","https://www.googleapis.com/auth/cloud-platform"]
[debug] [2024-03-07T11:29:47.181Z] > authorizing via signed-in user (u.ryota123456@gmail.com)
[info] 
     ######## #### ########  ######## ########     ###     ######  ########
     ##        ##  ##     ## ##       ##     ##  ##   ##  ##       ##
     ######    ##  ########  ######   ########  #########  ######  ######
     ##        ##  ##    ##  ##       ##     ## ##     ##       ## ##
     ##       #### ##     ## ######## ########  ##     ##  ######  ########

You're about to initialize a Firebase project in this directory:

  C:\users\user\desktop\hackathon0309\rain-app\rain-app

[info] 
=== Project Setup
[info] 
[info] First, let's associate this project directory with a Firebase project.
[info] You can create multiple project aliases by running firebase use --add, 
[info] but for now we'll just set up a default project.
[info] 
[debug] [2024-03-07T11:33:07.600Z] > refreshing access token with scopes: []
[debug] [2024-03-07T11:33:07.602Z] >>> [apiv2][query] POST https://www.googleapis.com/oauth2/v3/token [none]
[debug] [2024-03-07T11:33:07.603Z] >>> [apiv2][body] POST https://www.googleapis.com/oauth2/v3/token [omitted]
[debug] [2024-03-07T11:33:08.034Z] <<< [apiv2][status] POST https://www.googleapis.com/oauth2/v3/token 200
[debug] [2024-03-07T11:33:08.034Z] <<< [apiv2][body] POST https://www.googleapis.com/oauth2/v3/token [omitted]
[debug] [2024-03-07T11:33:08.049Z] >>> [apiv2][query] GET https://firebase.googleapis.com/v1beta1/projects pageSize=100
[debug] [2024-03-07T11:33:08.698Z] <<< [apiv2][status] GET https://firebase.googleapis.com/v1beta1/projects 200
[debug] [2024-03-07T11:33:08.699Z] <<< [apiv2][body] GET https://firebase.googleapis.com/v1beta1/projects [omitted]
[info] i  Using project hyper-umbrella-reminder (hyper-umbrella-reminder) 
[info] 
=== Firestore Setup
[debug] [2024-03-07T11:33:10.853Z] >>> [apiv2][query] GET https://serviceusage.googleapis.com/v1/projects/hyper-umbrella-reminder/services/firestore.googleapis.com [none]
[debug] [2024-03-07T11:33:10.854Z] >>> [apiv2][(partial)header] GET https://serviceusage.googleapis.com/v1/projects/hyper-umbrella-reminder/services/firestore.googleapis.com x-goog-quota-user=projects/hyper-umbrella-reminder
[debug] [2024-03-07T11:33:11.315Z] <<< [apiv2][status] GET https://serviceusage.googleapis.com/v1/projects/hyper-umbrella-reminder/services/firestore.googleapis.com 200
[debug] [2024-03-07T11:33:11.315Z] <<< [apiv2][body] GET https://serviceusage.googleapis.com/v1/projects/hyper-umbrella-reminder/services/firestore.googleapis.com [omitted]
[debug] [2024-03-07T11:33:11.316Z] >>> [apiv2][query] GET https://firestore.googleapis.com/v1/projects/hyper-umbrella-reminder/databases/(default) [none]
[debug] [2024-03-07T11:33:11.532Z] <<< [apiv2][status] GET https://firestore.googleapis.com/v1/projects/hyper-umbrella-reminder/databases/(default) 200
[debug] [2024-03-07T11:33:11.532Z] <<< [apiv2][body] GET https://firestore.googleapis.com/v1/projects/hyper-umbrella-reminder/databases/(default) {"name":"projects/hyper-umbrella-reminder/databases/(default)","uid":"4d9dc2d5-5974-477f-8d5e-24271c663939","createTime":"2024-03-07T04:11:52.626120Z","updateTime":"2024-03-07T04:11:52.626120Z","locationId":"asia-northeast1","type":"FIRESTORE_NATIVE","concurrencyMode":"PESSIMISTIC","versionRetentionPeriod":"3600s","earliestVersionTime":"2024-03-07T10:33:11.126254Z","appEngineIntegrationMode":"DISABLED","keyPrefix":"b","pointInTimeRecoveryEnablement":"POINT_IN_TIME_RECOVERY_DISABLED","deleteProtectionState":"DELETE_PROTECTION_DISABLED","etag":"INCsuIWH4oQDMNiB3cWD4oQD"}
[debug] [2024-03-07T11:33:11.532Z] database_type: FIRESTORE_NATIVE
[debug] [2024-03-07T11:33:11.533Z] > command requires scopes: ["email","openid","https://www.googleapis.com/auth/cloudplatformprojects.readonly","https://www.googleapis.com/auth/firebase","https://www.googleapis.com/auth/cloud-platform"]
[debug] [2024-03-07T11:33:11.533Z] > authorizing via signed-in user (u.ryota123456@gmail.com)
[debug] [2024-03-07T11:33:11.533Z] [iam] checking project hyper-umbrella-reminder for permissions ["firebase.projects.get"]
[debug] [2024-03-07T11:33:11.534Z] >>> [apiv2][query] POST https://cloudresourcemanager.googleapis.com/v1/projects/hyper-umbrella-reminder:testIamPermissions [none]
[debug] [2024-03-07T11:33:11.534Z] >>> [apiv2][(partial)header] POST https://cloudresourcemanager.googleapis.com/v1/projects/hyper-umbrella-reminder:testIamPermissions x-goog-quota-user=projects/hyper-umbrella-reminder
[debug] [2024-03-07T11:33:11.535Z] >>> [apiv2][body] POST https://cloudresourcemanager.googleapis.com/v1/projects/hyper-umbrella-reminder:testIamPermissions {"permissions":["firebase.projects.get"]}
[debug] [2024-03-07T11:33:12.269Z] <<< [apiv2][status] POST https://cloudresourcemanager.googleapis.com/v1/projects/hyper-umbrella-reminder:testIamPermissions 200
[debug] [2024-03-07T11:33:12.270Z] <<< [apiv2][body] POST https://cloudresourcemanager.googleapis.com/v1/projects/hyper-umbrella-reminder:testIamPermissions {"permissions":["firebase.projects.get"]}
[info] 
[info] Firestore Security Rules allow you to define how and when to allow
[info] requests. You can keep these rules in your project directory
[info] and publish them with firebase deploy.
[info] 
[debug] [2024-03-07T11:33:16.637Z] >>> [apiv2][query] GET https://firebaserules.googleapis.com/v1/projects/hyper-umbrella-reminder/releases pageSize=10&pageToken=
[debug] [2024-03-07T11:33:17.905Z] <<< [apiv2][status] GET https://firebaserules.googleapis.com/v1/projects/hyper-umbrella-reminder/releases 200
[debug] [2024-03-07T11:33:17.906Z] <<< [apiv2][body] GET https://firebaserules.googleapis.com/v1/projects/hyper-umbrella-reminder/releases {"releases":[{"name":"projects/hyper-umbrella-reminder/releases/cloud.firestore","rulesetName":"projects/hyper-umbrella-reminder/rulesets/f61921f3-5dac-40d4-a87f-73b8a04a9121","createTime":"2024-03-07T11:19:32.184646Z","updateTime":"2024-03-07T11:19:32.184646Z"}]}
[debug] [2024-03-07T11:33:17.906Z] Found ruleset: projects/hyper-umbrella-reminder/rulesets/f61921f3-5dac-40d4-a87f-73b8a04a9121
[debug] [2024-03-07T11:33:17.907Z] >>> [apiv2][query] GET https://firebaserules.googleapis.com/v1/projects/hyper-umbrella-reminder/rulesets/f61921f3-5dac-40d4-a87f-73b8a04a9121 [none]
[debug] [2024-03-07T11:33:18.966Z] <<< [apiv2][status] GET https://firebaserules.googleapis.com/v1/projects/hyper-umbrella-reminder/rulesets/f61921f3-5dac-40d4-a87f-73b8a04a9121 200
[debug] [2024-03-07T11:33:18.966Z] <<< [apiv2][body] GET https://firebaserules.googleapis.com/v1/projects/hyper-umbrella-reminder/rulesets/f61921f3-5dac-40d4-a87f-73b8a04a9121 [omitted]
[info] 
[info] Firestore indexes allow you to perform complex queries while
[info] maintaining performance that scales with the size of the result
[info] set. You can keep index definitions in your project directory
[info] and publish them with firebase deploy.
[info] 
[debug] [2024-03-07T11:33:22.585Z] >>> [apiv2][query] GET https://firestore.googleapis.com/v1/projects/hyper-umbrella-reminder/databases/(default)/collectionGroups/-/indexes [none]
[debug] [2024-03-07T11:33:22.596Z] >>> [apiv2][query] GET https://firestore.googleapis.com/v1/projects/hyper-umbrella-reminder/databases/(default)/collectionGroups/-/fields?filter=indexConfig.usesAncestorConfig=false OR ttlConfig:* [none]
[debug] [2024-03-07T11:33:22.756Z] <<< [apiv2][status] GET https://firestore.googleapis.com/v1/projects/hyper-umbrella-reminder/databases/(default)/collectionGroups/-/indexes 200
[debug] [2024-03-07T11:33:22.756Z] <<< [apiv2][body] GET https://firestore.googleapis.com/v1/projects/hyper-umbrella-reminder/databases/(default)/collectionGroups/-/indexes {}
[debug] [2024-03-07T11:33:22.799Z] <<< [apiv2][status] GET https://firestore.googleapis.com/v1/projects/hyper-umbrella-reminder/databases/(default)/collectionGroups/-/fields?filter=indexConfig.usesAncestorConfig=false OR ttlConfig:* 200
[debug] [2024-03-07T11:33:22.799Z] <<< [apiv2][body] GET https://firestore.googleapis.com/v1/projects/hyper-umbrella-reminder/databases/(default)/collectionGroups/-/fields?filter=indexConfig.usesAncestorConfig=false OR ttlConfig:* {"fields":[{"name":"projects/hyper-umbrella-reminder/databases/(default)/collectionGroups/__default__/fields/*","indexConfig":{"indexes":[{"queryScope":"COLLECTION","fields":[{"fieldPath":"*","order":"ASCENDING"}],"state":"READY"},{"queryScope":"COLLECTION","fields":[{"fieldPath":"*","order":"DESCENDING"}],"state":"READY"},{"queryScope":"COLLECTION","fields":[{"fieldPath":"*","arrayConfig":"CONTAINS"}],"state":"READY"}]}}]}
[info] 
=== Functions Setup
[debug] [2024-03-07T11:33:22.803Z] > command requires scopes: ["email","openid","https://www.googleapis.com/auth/cloudplatformprojects.readonly","https://www.googleapis.com/auth/firebase","https://www.googleapis.com/auth/cloud-platform"]
[debug] [2024-03-07T11:33:22.804Z] > authorizing via signed-in user (u.ryota123456@gmail.com)
[debug] [2024-03-07T11:33:22.804Z] [iam] checking project hyper-umbrella-reminder for permissions ["firebase.projects.get"]
[debug] [2024-03-07T11:33:22.804Z] >>> [apiv2][query] POST https://cloudresourcemanager.googleapis.com/v1/projects/hyper-umbrella-reminder:testIamPermissions [none]
[debug] [2024-03-07T11:33:22.804Z] >>> [apiv2][(partial)header] POST https://cloudresourcemanager.googleapis.com/v1/projects/hyper-umbrella-reminder:testIamPermissions x-goog-quota-user=projects/hyper-umbrella-reminder
[debug] [2024-03-07T11:33:22.804Z] >>> [apiv2][body] POST https://cloudresourcemanager.googleapis.com/v1/projects/hyper-umbrella-reminder:testIamPermissions {"permissions":["firebase.projects.get"]}
[debug] [2024-03-07T11:33:23.481Z] <<< [apiv2][status] POST https://cloudresourcemanager.googleapis.com/v1/projects/hyper-umbrella-reminder:testIamPermissions 200
[debug] [2024-03-07T11:33:23.482Z] <<< [apiv2][body] POST https://cloudresourcemanager.googleapis.com/v1/projects/hyper-umbrella-reminder:testIamPermissions {"permissions":["firebase.projects.get"]}
[debug] [2024-03-07T11:33:23.484Z] >>> [apiv2][query] GET https://serviceusage.googleapis.com/v1/projects/hyper-umbrella-reminder/services/cloudfunctions.googleapis.com [none]
[debug] [2024-03-07T11:33:23.484Z] >>> [apiv2][(partial)header] GET https://serviceusage.googleapis.com/v1/projects/hyper-umbrella-reminder/services/cloudfunctions.googleapis.com x-goog-quota-user=projects/hyper-umbrella-reminder
[debug] [2024-03-07T11:33:23.489Z] >>> [apiv2][query] GET https://serviceusage.googleapis.com/v1/projects/hyper-umbrella-reminder/services/runtimeconfig.googleapis.com [none]
[debug] [2024-03-07T11:33:23.489Z] >>> [apiv2][(partial)header] GET https://serviceusage.googleapis.com/v1/projects/hyper-umbrella-reminder/services/runtimeconfig.googleapis.com x-goog-quota-user=projects/hyper-umbrella-reminder
[debug] [2024-03-07T11:33:24.277Z] <<< [apiv2][status] GET https://serviceusage.googleapis.com/v1/projects/hyper-umbrella-reminder/services/runtimeconfig.googleapis.com 200
[debug] [2024-03-07T11:33:24.277Z] <<< [apiv2][body] GET https://serviceusage.googleapis.com/v1/projects/hyper-umbrella-reminder/services/runtimeconfig.googleapis.com [omitted]
[debug] [2024-03-07T11:33:24.281Z] <<< [apiv2][status] GET https://serviceusage.googleapis.com/v1/projects/hyper-umbrella-reminder/services/cloudfunctions.googleapis.com 200
[debug] [2024-03-07T11:33:24.281Z] <<< [apiv2][body] GET https://serviceusage.googleapis.com/v1/projects/hyper-umbrella-reminder/services/cloudfunctions.googleapis.com [omitted]
[debug] [2024-03-07T11:33:24.282Z] >>> [apiv2][query] POST https://serviceusage.googleapis.com/v1/projects/hyper-umbrella-reminder/services/cloudfunctions.googleapis.com:enable [none]
[debug] [2024-03-07T11:33:24.282Z] >>> [apiv2][(partial)header] POST https://serviceusage.googleapis.com/v1/projects/hyper-umbrella-reminder/services/cloudfunctions.googleapis.com:enable x-goog-quota-user=projects/hyper-umbrella-reminder
[debug] [2024-03-07T11:33:24.941Z] <<< [apiv2][status] POST https://serviceusage.googleapis.com/v1/projects/hyper-umbrella-reminder/services/cloudfunctions.googleapis.com:enable 200
[debug] [2024-03-07T11:33:24.941Z] <<< [apiv2][body] POST https://serviceusage.googleapis.com/v1/projects/hyper-umbrella-reminder/services/cloudfunctions.googleapis.com:enable [omitted]
[debug] [2024-03-07T11:33:34.946Z] >>> [apiv2][query] GET https://serviceusage.googleapis.com/v1/projects/hyper-umbrella-reminder/services/cloudfunctions.googleapis.com [none]
[debug] [2024-03-07T11:33:34.946Z] >>> [apiv2][(partial)header] GET https://serviceusage.googleapis.com/v1/projects/hyper-umbrella-reminder/services/cloudfunctions.googleapis.com x-goog-quota-user=projects/hyper-umbrella-reminder
[debug] [2024-03-07T11:33:35.384Z] <<< [apiv2][status] GET https://serviceusage.googleapis.com/v1/projects/hyper-umbrella-reminder/services/cloudfunctions.googleapis.com 200
[debug] [2024-03-07T11:33:35.385Z] <<< [apiv2][body] GET https://serviceusage.googleapis.com/v1/projects/hyper-umbrella-reminder/services/cloudfunctions.googleapis.com [omitted]
[info] Let's create a new codebase for your functions.
[info] A directory corresponding to the codebase will be created in your project
[info] with sample code pre-configured.

[info] See https://firebase.google.com/docs/functions/organize-functions for
[info] more information on organizing your functions using codebases.

[info] Functions can be deployed with firebase deploy.

[info] +  Wrote functions/package.json 
[info] +  Wrote functions/.eslintrc.js 
[info] +  Wrote functions/index.js 
[info] +  Wrote functions/.gitignore 
[info] 
=== Hosting Setup
[debug] [2024-03-07T11:41:52.515Z] >>> [apiv2][query] GET https://firebase.googleapis.com/v1beta1/projects/hyper-umbrella-reminder [none]
[debug] [2024-03-07T11:41:52.942Z] <<< [apiv2][status] GET https://firebase.googleapis.com/v1beta1/projects/hyper-umbrella-reminder 200
[debug] [2024-03-07T11:41:52.942Z] <<< [apiv2][body] GET https://firebase.googleapis.com/v1beta1/projects/hyper-umbrella-reminder {"projectId":"hyper-umbrella-reminder","projectNumber":"774482832200","displayName":"hyper-umbrella-reminder","name":"projects/hyper-umbrella-reminder","resources":{"hostingSite":"hyper-umbrella-reminder","realtimeDatabaseInstance":"hyper-umbrella-reminder-default-rtdb"},"state":"ACTIVE","etag":"1_3106440e-14bb-43fb-8643-b116d1c64a3d"}
[info] 
[info] Your public directory is the folder (relative to your project directory) that
[info] will contain Hosting assets to be uploaded with firebase deploy. If you
[info] have a build process for your assets, use your build's output directory.
[info] 
[debug] [2024-03-07T11:42:28.114Z] >>> [apiv2][query] GET https://www.gstatic.com/firebasejs/releases.json [none]
[debug] [2024-03-07T11:42:28.207Z] <<< [apiv2][status] GET https://www.gstatic.com/firebasejs/releases.json 200
[debug] [2024-03-07T11:42:28.207Z] <<< [apiv2][body] GET https://www.gstatic.com/firebasejs/releases.json {"current":{"version":"10.8.1","browserURL":"https://www.gstatic.com/firebasejs/10.8.1/firebase.js","packageURL":"https://www.gstatic.com/firebasejs/10.8.1/firebase.tgz"},"live":{"version":"10.8","browserURL":"https://www.gstatic.com/firebasejs/live/10.8/firebase.js","packageURL":"https://www.gstatic.com/firebasejs/live/10.8/firebase.tgz"},"components":{"analytics":"https://www.gstatic.com/firebasejs/10.8.1/firebase-analytics.js","app":"https://www.gstatic.com/firebasejs/10.8.1/firebase-app.js","app-check":"https://www.gstatic.com/firebasejs/10.8.1/firebase-app-check.js","auth":"https://www.gstatic.com/firebasejs/10.8.1/firebase-auth.js","auth/cordova":"https://www.gstatic.com/firebasejs/10.8.1/firebase-auth/cordova.js","auth/web-extension":"https://www.gstatic.com/firebasejs/10.8.1/firebase-auth/web-extension.js","functions":"https://www.gstatic.com/firebasejs/10.8.1/firebase-functions.js","firestore":"https://www.gstatic.com/firebasejs/10.8.1/firebase-firestore.js","firestore/lite":"https://www.gstatic.com/firebasejs/10.8.1/firebase-firestore/lite.js","installations":"https://www.gstatic.com/firebasejs/10.8.1/firebase-installations.js","storage":"https://www.gstatic.com/firebasejs/10.8.1/firebase-storage.js","performance":"https://www.gstatic.com/firebasejs/10.8.1/firebase-performance.js","remote-config":"https://www.gstatic.com/firebasejs/10.8.1/firebase-remote-config.js","messaging":"https://www.gstatic.com/firebasejs/10.8.1/firebase-messaging.js","messaging/sw":"https://www.gstatic.com/firebasejs/10.8.1/firebase-messaging/sw.js","database":"https://www.gstatic.com/firebasejs/10.8.1/firebase-database.js","firestore.memory":"https://www.gstatic.com/firebasejs/10.8.1/firebase-firestore.memory.js"}}
[info] +  Wrote public/index.html 
[info] 
=== Extensions Setup
[debug] [2024-03-07T11:42:28.214Z] > command requires scopes: ["email","openid","https://www.googleapis.com/auth/cloudplatformprojects.readonly","https://www.googleapis.com/auth/firebase","https://www.googleapis.com/auth/cloud-platform"]
[debug] [2024-03-07T11:42:28.215Z] > authorizing via signed-in user (u.ryota123456@gmail.com)
[debug] [2024-03-07T11:42:28.216Z] [iam] checking project hyper-umbrella-reminder for permissions ["firebase.projects.get"]
[debug] [2024-03-07T11:42:28.216Z] >>> [apiv2][query] POST https://cloudresourcemanager.googleapis.com/v1/projects/hyper-umbrella-reminder:testIamPermissions [none]
[debug] [2024-03-07T11:42:28.216Z] >>> [apiv2][(partial)header] POST https://cloudresourcemanager.googleapis.com/v1/projects/hyper-umbrella-reminder:testIamPermissions x-goog-quota-user=projects/hyper-umbrella-reminder
[debug] [2024-03-07T11:42:28.216Z] >>> [apiv2][body] POST https://cloudresourcemanager.googleapis.com/v1/projects/hyper-umbrella-reminder:testIamPermissions {"permissions":["firebase.projects.get"]}
[debug] [2024-03-07T11:42:28.991Z] <<< [apiv2][status] POST https://cloudresourcemanager.googleapis.com/v1/projects/hyper-umbrella-reminder:testIamPermissions 200
[debug] [2024-03-07T11:42:28.992Z] <<< [apiv2][body] POST https://cloudresourcemanager.googleapis.com/v1/projects/hyper-umbrella-reminder:testIamPermissions {"permissions":["firebase.projects.get"]}
[debug] [2024-03-07T11:42:28.993Z] >>> [apiv2][query] GET https://serviceusage.googleapis.com/v1/projects/hyper-umbrella-reminder/services/firebaseextensions.googleapis.com [none]
[debug] [2024-03-07T11:42:28.994Z] >>> [apiv2][(partial)header] GET https://serviceusage.googleapis.com/v1/projects/hyper-umbrella-reminder/services/firebaseextensions.googleapis.com x-goog-quota-user=projects/hyper-umbrella-reminder
[debug] [2024-03-07T11:42:29.424Z] <<< [apiv2][status] GET https://serviceusage.googleapis.com/v1/projects/hyper-umbrella-reminder/services/firebaseextensions.googleapis.com 200
[debug] [2024-03-07T11:42:29.424Z] <<< [apiv2][body] GET https://serviceusage.googleapis.com/v1/projects/hyper-umbrella-reminder/services/firebaseextensions.googleapis.com [omitted]
[debug] [2024-03-07T11:42:29.425Z] >>> [apiv2][query] POST https://serviceusage.googleapis.com/v1/projects/hyper-umbrella-reminder/services/firebaseextensions.googleapis.com:enable [none]
[debug] [2024-03-07T11:42:29.425Z] >>> [apiv2][(partial)header] POST https://serviceusage.googleapis.com/v1/projects/hyper-umbrella-reminder/services/firebaseextensions.googleapis.com:enable x-goog-quota-user=projects/hyper-umbrella-reminder
[debug] [2024-03-07T11:42:30.031Z] <<< [apiv2][status] POST https://serviceusage.googleapis.com/v1/projects/hyper-umbrella-reminder/services/firebaseextensions.googleapis.com:enable 200
[debug] [2024-03-07T11:42:30.032Z] <<< [apiv2][body] POST https://serviceusage.googleapis.com/v1/projects/hyper-umbrella-reminder/services/firebaseextensions.googleapis.com:enable [omitted]
